<?xml version="1.0" encoding="UTF-8"?>
<testsuite xmlns:xsi="http://www.w3.org/2001/XMLSchema-instance" xsi:noNamespaceSchemaLocation="https://maven.apache.org/surefire/maven-surefire-plugin/xsd/surefire-test-report.xsd" version="3.0.2" name="com.example.proyectosanmiguel.ProyectoSanMiguelApplicationTests" time="11.085" tests="1" errors="0" skipped="0" failures="0">
  <properties>
    <property name="java.specification.version" value="17"/>
    <property name="sun.cpu.isalist" value="amd64"/>
    <property name="sun.jnu.encoding" value="Cp1252"/>
    <property name="java.class.path" value="C:\Users\Tony\Desktop\GIT_Repositories\GTICs\gtics\ProyectoSanMiguel\target\test-classes;C:\Users\Tony\Desktop\GIT_Repositories\GTICs\gtics\ProyectoSanMiguel\target\classes;C:\Users\Tony\.m2\repository\org\springframework\boot\spring-boot-starter-web\3.4.4\spring-boot-starter-web-3.4.4.jar;C:\Users\Tony\.m2\repository\org\springframework\boot\spring-boot-starter-json\3.4.4\spring-boot-starter-json-3.4.4.jar;C:\Users\Tony\.m2\repository\com\fasterxml\jackson\datatype\jackson-datatype-jdk8\2.18.3\jackson-datatype-jdk8-2.18.3.jar;C:\Users\Tony\.m2\repository\com\fasterxml\jackson\module\jackson-module-parameter-names\2.18.3\jackson-module-parameter-names-2.18.3.jar;C:\Users\Tony\.m2\repository\org\springframework\boot\spring-boot-starter-tomcat\3.4.4\spring-boot-starter-tomcat-3.4.4.jar;C:\Users\Tony\.m2\repository\org\apache\tomcat\embed\tomcat-embed-core\10.1.39\tomcat-embed-core-10.1.39.jar;C:\Users\Tony\.m2\repository\org\apache\tomcat\embed\tomcat-embed-websocket\10.1.39\tomcat-embed-websocket-10.1.39.jar;C:\Users\Tony\.m2\repository\org\springframework\spring-web\6.2.5\spring-web-6.2.5.jar;C:\Users\Tony\.m2\repository\org\springframework\spring-beans\6.2.5\spring-beans-6.2.5.jar;C:\Users\Tony\.m2\repository\org\springframework\spring-webmvc\6.2.5\spring-webmvc-6.2.5.jar;C:\Users\Tony\.m2\repository\org\springframework\spring-expression\6.2.5\spring-expression-6.2.5.jar;C:\Users\Tony\.m2\repository\org\springframework\boot\spring-boot-starter-test\3.4.4\spring-boot-starter-test-3.4.4.jar;C:\Users\Tony\.m2\repository\org\springframework\boot\spring-boot-test\3.4.4\spring-boot-test-3.4.4.jar;C:\Users\Tony\.m2\repository\org\springframework\boot\spring-boot-test-autoconfigure\3.4.4\spring-boot-test-autoconfigure-3.4.4.jar;C:\Users\Tony\.m2\repository\com\jayway\jsonpath\json-path\2.9.0\json-path-2.9.0.jar;C:\Users\Tony\.m2\repository\jakarta\xml\bind\jakarta.xml.bind-api\4.0.2\jakarta.xml.bind-api-4.0.2.jar;C:\Users\Tony\.m2\repository\jakarta\activation\jakarta.activation-api\2.1.3\jakarta.activation-api-2.1.3.jar;C:\Users\Tony\.m2\repository\net\minidev\json-smart\2.5.2\json-smart-2.5.2.jar;C:\Users\Tony\.m2\repository\net\minidev\accessors-smart\2.5.2\accessors-smart-2.5.2.jar;C:\Users\Tony\.m2\repository\org\ow2\asm\asm\9.7.1\asm-9.7.1.jar;C:\Users\Tony\.m2\repository\org\assertj\assertj-core\3.26.3\assertj-core-3.26.3.jar;C:\Users\Tony\.m2\repository\net\bytebuddy\byte-buddy\1.15.11\byte-buddy-1.15.11.jar;C:\Users\Tony\.m2\repository\org\awaitility\awaitility\4.2.2\awaitility-4.2.2.jar;C:\Users\Tony\.m2\repository\org\hamcrest\hamcrest\2.2\hamcrest-2.2.jar;C:\Users\Tony\.m2\repository\org\junit\jupiter\junit-jupiter\5.11.4\junit-jupiter-5.11.4.jar;C:\Users\Tony\.m2\repository\org\junit\jupiter\junit-jupiter-api\5.11.4\junit-jupiter-api-5.11.4.jar;C:\Users\Tony\.m2\repository\org\opentest4j\opentest4j\1.3.0\opentest4j-1.3.0.jar;C:\Users\Tony\.m2\repository\org\junit\platform\junit-platform-commons\1.11.4\junit-platform-commons-1.11.4.jar;C:\Users\Tony\.m2\repository\org\apiguardian\apiguardian-api\1.1.2\apiguardian-api-1.1.2.jar;C:\Users\Tony\.m2\repository\org\junit\jupiter\junit-jupiter-params\5.11.4\junit-jupiter-params-5.11.4.jar;C:\Users\Tony\.m2\repository\org\junit\jupiter\junit-jupiter-engine\5.11.4\junit-jupiter-engine-5.11.4.jar;C:\Users\Tony\.m2\repository\org\junit\platform\junit-platform-engine\1.11.4\junit-platform-engine-1.11.4.jar;C:\Users\Tony\.m2\repository\org\mockito\mockito-core\5.14.2\mockito-core-5.14.2.jar;C:\Users\Tony\.m2\repository\net\bytebuddy\byte-buddy-agent\1.15.11\byte-buddy-agent-1.15.11.jar;C:\Users\Tony\.m2\repository\org\objenesis\objenesis\3.3\objenesis-3.3.jar;C:\Users\Tony\.m2\repository\org\mockito\mockito-junit-jupiter\5.14.2\mockito-junit-jupiter-5.14.2.jar;C:\Users\Tony\.m2\repository\org\skyscreamer\jsonassert\1.5.3\jsonassert-1.5.3.jar;C:\Users\Tony\.m2\repository\com\vaadin\external\google\android-json\0.0.20131108.vaadin1\android-json-0.0.20131108.vaadin1.jar;C:\Users\Tony\.m2\repository\org\springframework\spring-core\6.2.5\spring-core-6.2.5.jar;C:\Users\Tony\.m2\repository\org\springframework\spring-jcl\6.2.5\spring-jcl-6.2.5.jar;C:\Users\Tony\.m2\repository\org\springframework\spring-test\6.2.5\spring-test-6.2.5.jar;C:\Users\Tony\.m2\repository\org\xmlunit\xmlunit-core\2.10.0\xmlunit-core-2.10.0.jar;C:\Users\Tony\.m2\repository\org\springframework\boot\spring-boot-starter-thymeleaf\3.4.4\spring-boot-starter-thymeleaf-3.4.4.jar;C:\Users\Tony\.m2\repository\org\thymeleaf\thymeleaf-spring6\3.1.3.RELEASE\thymeleaf-spring6-3.1.3.RELEASE.jar;C:\Users\Tony\.m2\repository\org\thymeleaf\thymeleaf\3.1.3.RELEASE\thymeleaf-3.1.3.RELEASE.jar;C:\Users\Tony\.m2\repository\org\attoparser\attoparser\2.0.7.RELEASE\attoparser-2.0.7.RELEASE.jar;C:\Users\Tony\.m2\repository\org\unbescape\unbescape\1.1.6.RELEASE\unbescape-1.1.6.RELEASE.jar;C:\Users\Tony\.m2\repository\com\google\code\gson\gson\2.10.1\gson-2.10.1.jar;C:\Users\Tony\.m2\repository\org\springframework\boot\spring-boot-devtools\3.4.4\spring-boot-devtools-3.4.4.jar;C:\Users\Tony\.m2\repository\org\springframework\boot\spring-boot\3.4.4\spring-boot-3.4.4.jar;C:\Users\Tony\.m2\repository\org\springframework\boot\spring-boot-autoconfigure\3.4.4\spring-boot-autoconfigure-3.4.4.jar;C:\Users\Tony\.m2\repository\org\springframework\boot\spring-boot-starter-data-jpa\3.4.4\spring-boot-starter-data-jpa-3.4.4.jar;C:\Users\Tony\.m2\repository\org\springframework\boot\spring-boot-starter-jdbc\3.4.4\spring-boot-starter-jdbc-3.4.4.jar;C:\Users\Tony\.m2\repository\com\zaxxer\HikariCP\5.1.0\HikariCP-5.1.0.jar;C:\Users\Tony\.m2\repository\org\hibernate\orm\hibernate-core\6.6.11.Final\hibernate-core-6.6.11.Final.jar;C:\Users\Tony\.m2\repository\jakarta\persistence\jakarta.persistence-api\3.1.0\jakarta.persistence-api-3.1.0.jar;C:\Users\Tony\.m2\repository\jakarta\transaction\jakarta.transaction-api\2.0.1\jakarta.transaction-api-2.0.1.jar;C:\Users\Tony\.m2\repository\org\jboss\logging\jboss-logging\3.6.1.Final\jboss-logging-3.6.1.Final.jar;C:\Users\Tony\.m2\repository\org\hibernate\common\hibernate-commons-annotations\7.0.3.Final\hibernate-commons-annotations-7.0.3.Final.jar;C:\Users\Tony\.m2\repository\io\smallrye\jandex\3.2.0\jandex-3.2.0.jar;C:\Users\Tony\.m2\repository\com\fasterxml\classmate\1.7.0\classmate-1.7.0.jar;C:\Users\Tony\.m2\repository\org\glassfish\jaxb\jaxb-runtime\4.0.5\jaxb-runtime-4.0.5.jar;C:\Users\Tony\.m2\repository\org\glassfish\jaxb\jaxb-core\4.0.5\jaxb-core-4.0.5.jar;C:\Users\Tony\.m2\repository\org\eclipse\angus\angus-activation\2.0.2\angus-activation-2.0.2.jar;C:\Users\Tony\.m2\repository\org\glassfish\jaxb\txw2\4.0.5\txw2-4.0.5.jar;C:\Users\Tony\.m2\repository\com\sun\istack\istack-commons-runtime\4.1.2\istack-commons-runtime-4.1.2.jar;C:\Users\Tony\.m2\repository\jakarta\inject\jakarta.inject-api\2.0.1\jakarta.inject-api-2.0.1.jar;C:\Users\Tony\.m2\repository\org\springframework\data\spring-data-jpa\3.4.4\spring-data-jpa-3.4.4.jar;C:\Users\Tony\.m2\repository\org\springframework\data\spring-data-commons\3.4.4\spring-data-commons-3.4.4.jar;C:\Users\Tony\.m2\repository\org\springframework\spring-orm\6.2.5\spring-orm-6.2.5.jar;C:\Users\Tony\.m2\repository\org\springframework\spring-tx\6.2.5\spring-tx-6.2.5.jar;C:\Users\Tony\.m2\repository\org\springframework\spring-aspects\6.2.5\spring-aspects-6.2.5.jar;C:\Users\Tony\.m2\repository\org\aspectj\aspectjweaver\1.9.23\aspectjweaver-1.9.23.jar;C:\Users\Tony\.m2\repository\com\mysql\mysql-connector-j\8.0.32\mysql-connector-j-8.0.32.jar;C:\Users\Tony\.m2\repository\org\springframework\boot\spring-boot-starter\3.4.4\spring-boot-starter-3.4.4.jar;C:\Users\Tony\.m2\repository\org\springframework\boot\spring-boot-starter-logging\3.4.4\spring-boot-starter-logging-3.4.4.jar;C:\Users\Tony\.m2\repository\ch\qos\logback\logback-classic\1.5.18\logback-classic-1.5.18.jar;C:\Users\Tony\.m2\repository\ch\qos\logback\logback-core\1.5.18\logback-core-1.5.18.jar;C:\Users\Tony\.m2\repository\org\apache\logging\log4j\log4j-to-slf4j\2.24.3\log4j-to-slf4j-2.24.3.jar;C:\Users\Tony\.m2\repository\org\apache\logging\log4j\log4j-api\2.24.3\log4j-api-2.24.3.jar;C:\Users\Tony\.m2\repository\org\slf4j\jul-to-slf4j\2.0.17\jul-to-slf4j-2.0.17.jar;C:\Users\Tony\.m2\repository\jakarta\annotation\jakarta.annotation-api\2.1.1\jakarta.annotation-api-2.1.1.jar;C:\Users\Tony\.m2\repository\org\yaml\snakeyaml\2.3\snakeyaml-2.3.jar;C:\Users\Tony\.m2\repository\org\projectlombok\lombok\1.18.28\lombok-1.18.28.jar;C:\Users\Tony\.m2\repository\org\springframework\boot\spring-boot-starter-validation\3.4.4\spring-boot-starter-validation-3.4.4.jar;C:\Users\Tony\.m2\repository\org\apache\tomcat\embed\tomcat-embed-el\10.1.39\tomcat-embed-el-10.1.39.jar;C:\Users\Tony\.m2\repository\org\hibernate\validator\hibernate-validator\8.0.2.Final\hibernate-validator-8.0.2.Final.jar;C:\Users\Tony\.m2\repository\jakarta\validation\jakarta.validation-api\3.0.2\jakarta.validation-api-3.0.2.jar;C:\Users\Tony\.m2\repository\org\springframework\boot\spring-boot-starter-security\3.4.4\spring-boot-starter-security-3.4.4.jar;C:\Users\Tony\.m2\repository\org\springframework\spring-aop\6.2.5\spring-aop-6.2.5.jar;C:\Users\Tony\.m2\repository\org\springframework\security\spring-security-config\6.4.4\spring-security-config-6.4.4.jar;C:\Users\Tony\.m2\repository\org\springframework\security\spring-security-core\6.4.4\spring-security-core-6.4.4.jar;C:\Users\Tony\.m2\repository\org\springframework\security\spring-security-crypto\6.4.4\spring-security-crypto-6.4.4.jar;C:\Users\Tony\.m2\repository\org\springframework\security\spring-security-web\6.4.4\spring-security-web-6.4.4.jar;C:\Users\Tony\.m2\repository\org\thymeleaf\extras\thymeleaf-extras-springsecurity6\3.1.3.RELEASE\thymeleaf-extras-springsecurity6-3.1.3.RELEASE.jar;C:\Users\Tony\.m2\repository\org\slf4j\slf4j-api\2.0.17\slf4j-api-2.0.17.jar;C:\Users\Tony\.m2\repository\org\springframework\session\spring-session-jdbc\3.4.2\spring-session-jdbc-3.4.2.jar;C:\Users\Tony\.m2\repository\org\springframework\session\spring-session-core\3.4.2\spring-session-core-3.4.2.jar;C:\Users\Tony\.m2\repository\org\springframework\spring-context\6.2.5\spring-context-6.2.5.jar;C:\Users\Tony\.m2\repository\org\springframework\spring-jdbc\6.2.5\spring-jdbc-6.2.5.jar;C:\Users\Tony\.m2\repository\software\amazon\awssdk\s3\2.25.2\s3-2.25.2.jar;C:\Users\Tony\.m2\repository\software\amazon\awssdk\aws-xml-protocol\2.25.2\aws-xml-protocol-2.25.2.jar;C:\Users\Tony\.m2\repository\software\amazon\awssdk\aws-query-protocol\2.25.2\aws-query-protocol-2.25.2.jar;C:\Users\Tony\.m2\repository\software\amazon\awssdk\protocol-core\2.25.2\protocol-core-2.25.2.jar;C:\Users\Tony\.m2\repository\software\amazon\awssdk\arns\2.25.2\arns-2.25.2.jar;C:\Users\Tony\.m2\repository\software\amazon\awssdk\profiles\2.25.2\profiles-2.25.2.jar;C:\Users\Tony\.m2\repository\software\amazon\awssdk\crt-core\2.25.2\crt-core-2.25.2.jar;C:\Users\Tony\.m2\repository\software\amazon\awssdk\http-auth\2.25.2\http-auth-2.25.2.jar;C:\Users\Tony\.m2\repository\software\amazon\awssdk\identity-spi\2.25.2\identity-spi-2.25.2.jar;C:\Users\Tony\.m2\repository\software\amazon\awssdk\http-auth-spi\2.25.2\http-auth-spi-2.25.2.jar;C:\Users\Tony\.m2\repository\org\reactivestreams\reactive-streams\1.0.4\reactive-streams-1.0.4.jar;C:\Users\Tony\.m2\repository\software\amazon\awssdk\http-auth-aws\2.25.2\http-auth-aws-2.25.2.jar;C:\Users\Tony\.m2\repository\software\amazon\awssdk\checksums\2.25.2\checksums-2.25.2.jar;C:\Users\Tony\.m2\repository\software\amazon\awssdk\checksums-spi\2.25.2\checksums-spi-2.25.2.jar;C:\Users\Tony\.m2\repository\software\amazon\awssdk\sdk-core\2.25.2\sdk-core-2.25.2.jar;C:\Users\Tony\.m2\repository\software\amazon\awssdk\http-client-spi\2.25.2\http-client-spi-2.25.2.jar;C:\Users\Tony\.m2\repository\software\amazon\awssdk\regions\2.25.2\regions-2.25.2.jar;C:\Users\Tony\.m2\repository\software\amazon\awssdk\annotations\2.25.2\annotations-2.25.2.jar;C:\Users\Tony\.m2\repository\software\amazon\awssdk\utils\2.25.2\utils-2.25.2.jar;C:\Users\Tony\.m2\repository\software\amazon\awssdk\aws-core\2.25.2\aws-core-2.25.2.jar;C:\Users\Tony\.m2\repository\software\amazon\awssdk\metrics-spi\2.25.2\metrics-spi-2.25.2.jar;C:\Users\Tony\.m2\repository\software\amazon\awssdk\json-utils\2.25.2\json-utils-2.25.2.jar;C:\Users\Tony\.m2\repository\software\amazon\awssdk\third-party-jackson-core\2.25.2\third-party-jackson-core-2.25.2.jar;C:\Users\Tony\.m2\repository\software\amazon\awssdk\endpoints-spi\2.25.2\endpoints-spi-2.25.2.jar;C:\Users\Tony\.m2\repository\software\amazon\awssdk\apache-client\2.25.2\apache-client-2.25.2.jar;C:\Users\Tony\.m2\repository\org\apache\httpcomponents\httpclient\4.5.13\httpclient-4.5.13.jar;C:\Users\Tony\.m2\repository\org\apache\httpcomponents\httpcore\4.4.16\httpcore-4.4.16.jar;C:\Users\Tony\.m2\repository\commons-codec\commons-codec\1.17.2\commons-codec-1.17.2.jar;C:\Users\Tony\.m2\repository\software\amazon\awssdk\netty-nio-client\2.25.2\netty-nio-client-2.25.2.jar;C:\Users\Tony\.m2\repository\io\netty\netty-codec-http\4.1.119.Final\netty-codec-http-4.1.119.Final.jar;C:\Users\Tony\.m2\repository\io\netty\netty-codec-http2\4.1.119.Final\netty-codec-http2-4.1.119.Final.jar;C:\Users\Tony\.m2\repository\io\netty\netty-codec\4.1.119.Final\netty-codec-4.1.119.Final.jar;C:\Users\Tony\.m2\repository\io\netty\netty-transport\4.1.119.Final\netty-transport-4.1.119.Final.jar;C:\Users\Tony\.m2\repository\io\netty\netty-common\4.1.119.Final\netty-common-4.1.119.Final.jar;C:\Users\Tony\.m2\repository\io\netty\netty-buffer\4.1.119.Final\netty-buffer-4.1.119.Final.jar;C:\Users\Tony\.m2\repository\io\netty\netty-handler\4.1.119.Final\netty-handler-4.1.119.Final.jar;C:\Users\Tony\.m2\repository\io\netty\netty-transport-native-unix-common\4.1.119.Final\netty-transport-native-unix-common-4.1.119.Final.jar;C:\Users\Tony\.m2\repository\io\netty\netty-transport-classes-epoll\4.1.119.Final\netty-transport-classes-epoll-4.1.119.Final.jar;C:\Users\Tony\.m2\repository\io\netty\netty-resolver\4.1.119.Final\netty-resolver-4.1.119.Final.jar;C:\Users\Tony\.m2\repository\software\amazon\awssdk\auth\2.25.2\auth-2.25.2.jar;C:\Users\Tony\.m2\repository\software\amazon\eventstream\eventstream\1.0.1\eventstream-1.0.1.jar;C:\Users\Tony\.m2\repository\org\springframework\boot\spring-boot-starter-webflux\3.4.4\spring-boot-starter-webflux-3.4.4.jar;C:\Users\Tony\.m2\repository\org\springframework\boot\spring-boot-starter-reactor-netty\3.4.4\spring-boot-starter-reactor-netty-3.4.4.jar;C:\Users\Tony\.m2\repository\io\projectreactor\netty\reactor-netty-http\1.2.4\reactor-netty-http-1.2.4.jar;C:\Users\Tony\.m2\repository\io\netty\netty-resolver-dns\4.1.119.Final\netty-resolver-dns-4.1.119.Final.jar;C:\Users\Tony\.m2\repository\io\netty\netty-codec-dns\4.1.119.Final\netty-codec-dns-4.1.119.Final.jar;C:\Users\Tony\.m2\repository\io\netty\netty-resolver-dns-native-macos\4.1.119.Final\netty-resolver-dns-native-macos-4.1.119.Final-osx-x86_64.jar;C:\Users\Tony\.m2\repository\io\netty\netty-resolver-dns-classes-macos\4.1.119.Final\netty-resolver-dns-classes-macos-4.1.119.Final.jar;C:\Users\Tony\.m2\repository\io\netty\netty-transport-native-epoll\4.1.119.Final\netty-transport-native-epoll-4.1.119.Final-linux-x86_64.jar;C:\Users\Tony\.m2\repository\io\projectreactor\netty\reactor-netty-core\1.2.4\reactor-netty-core-1.2.4.jar;C:\Users\Tony\.m2\repository\io\netty\netty-handler-proxy\4.1.119.Final\netty-handler-proxy-4.1.119.Final.jar;C:\Users\Tony\.m2\repository\io\netty\netty-codec-socks\4.1.119.Final\netty-codec-socks-4.1.119.Final.jar;C:\Users\Tony\.m2\repository\org\springframework\spring-webflux\6.2.5\spring-webflux-6.2.5.jar;C:\Users\Tony\.m2\repository\com\sendgrid\sendgrid-java\4.9.3\sendgrid-java-4.9.3.jar;C:\Users\Tony\.m2\repository\com\sendgrid\java-http-client\4.5.0\java-http-client-4.5.0.jar;C:\Users\Tony\.m2\repository\com\fasterxml\jackson\core\jackson-core\2.18.3\jackson-core-2.18.3.jar;C:\Users\Tony\.m2\repository\com\fasterxml\jackson\core\jackson-annotations\2.18.3\jackson-annotations-2.18.3.jar;C:\Users\Tony\.m2\repository\com\fasterxml\jackson\core\jackson-databind\2.18.3\jackson-databind-2.18.3.jar;C:\Users\Tony\.m2\repository\org\bouncycastle\bcprov-jdk15on\1.70\bcprov-jdk15on-1.70.jar;C:\Users\Tony\.m2\repository\net\sf\jasperreports\jasperreports\7.0.3\jasperreports-7.0.3.jar;C:\Users\Tony\.m2\repository\commons-logging\commons-logging\1.3.0\commons-logging-1.3.0.jar;C:\Users\Tony\.m2\repository\org\apache\commons\commons-collections4\4.4\commons-collections4-4.4.jar;C:\Users\Tony\.m2\repository\com\fasterxml\jackson\dataformat\jackson-dataformat-xml\2.18.3\jackson-dataformat-xml-2.18.3.jar;C:\Users\Tony\.m2\repository\org\codehaus\woodstox\stax2-api\4.2.2\stax2-api-4.2.2.jar;C:\Users\Tony\.m2\repository\com\fasterxml\woodstox\woodstox-core\7.0.0\woodstox-core-7.0.0.jar;C:\Users\Tony\.m2\repository\org\apache\xmlgraphics\batik-anim\1.18\batik-anim-1.18.jar;C:\Users\Tony\.m2\repository\org\apache\xmlgraphics\batik-ext\1.18\batik-ext-1.18.jar;C:\Users\Tony\.m2\repository\org\apache\xmlgraphics\batik-parser\1.18\batik-parser-1.18.jar;C:\Users\Tony\.m2\repository\org\apache\xmlgraphics\batik-shared-resources\1.18\batik-shared-resources-1.18.jar;C:\Users\Tony\.m2\repository\org\apache\xmlgraphics\batik-bridge\1.18\batik-bridge-1.18.jar;C:\Users\Tony\.m2\repository\org\apache\xmlgraphics\batik-script\1.18\batik-script-1.18.jar;C:\Users\Tony\.m2\repository\org\apache\xmlgraphics\batik-xml\1.18\batik-xml-1.18.jar;C:\Users\Tony\.m2\repository\org\apache\xmlgraphics\xmlgraphics-commons\2.10\xmlgraphics-commons-2.10.jar;C:\Users\Tony\.m2\repository\commons-io\commons-io\2.11.0\commons-io-2.11.0.jar;C:\Users\Tony\.m2\repository\org\apache\xmlgraphics\batik-dom\1.18\batik-dom-1.18.jar;C:\Users\Tony\.m2\repository\org\apache\xmlgraphics\batik-svg-dom\1.18\batik-svg-dom-1.18.jar;C:\Users\Tony\.m2\repository\org\apache\xmlgraphics\batik-awt-util\1.18\batik-awt-util-1.18.jar;C:\Users\Tony\.m2\repository\org\apache\xmlgraphics\batik-gvt\1.18\batik-gvt-1.18.jar;C:\Users\Tony\.m2\repository\org\apache\xmlgraphics\batik-util\1.18\batik-util-1.18.jar;C:\Users\Tony\.m2\repository\org\apache\xmlgraphics\batik-i18n\1.18\batik-i18n-1.18.jar;C:\Users\Tony\.m2\repository\org\apache\xmlgraphics\batik-constants\1.18\batik-constants-1.18.jar;C:\Users\Tony\.m2\repository\org\apache\xmlgraphics\batik-css\1.18\batik-css-1.18.jar;C:\Users\Tony\.m2\repository\xml-apis\xml-apis-ext\1.3.04\xml-apis-ext-1.3.04.jar;C:\Users\Tony\.m2\repository\commons-beanutils\commons-beanutils\1.9.4\commons-beanutils-1.9.4.jar;C:\Users\Tony\.m2\repository\commons-collections\commons-collections\3.2.2\commons-collections-3.2.2.jar;C:\Users\Tony\.m2\repository\net\sf\jasperreports\jasperreports-functions\7.0.3\jasperreports-functions-7.0.3.jar;C:\Users\Tony\.m2\repository\org\eclipse\jdt\core\compiler\ecj\4.6.1\ecj-4.6.1.jar;C:\Users\Tony\.m2\repository\net\sf\jasperreports\jasperreports-pdf\7.0.3\jasperreports-pdf-7.0.3.jar;C:\Users\Tony\.m2\repository\com\github\librepdf\openpdf\1.3.32\openpdf-1.3.32.jar;C:\Users\Tony\.m2\repository\com\adobe\xmp\xmpcore\6.1.11\xmpcore-6.1.11.jar;C:\Users\Tony\.m2\repository\net\sf\jasperreports\jasperreports-fonts\7.0.3\jasperreports-fonts-7.0.3.jar;C:\Users\Tony\.m2\repository\org\json\json\20240303\json-20240303.jar;C:\Users\Tony\.m2\repository\org\springframework\ai\spring-ai-starter-model-openai\1.0.0\spring-ai-starter-model-openai-1.0.0.jar;C:\Users\Tony\.m2\repository\org\springframework\ai\spring-ai-autoconfigure-model-openai\1.0.0\spring-ai-autoconfigure-model-openai-1.0.0.jar;C:\Users\Tony\.m2\repository\org\springframework\ai\spring-ai-autoconfigure-model-tool\1.0.0\spring-ai-autoconfigure-model-tool-1.0.0.jar;C:\Users\Tony\.m2\repository\org\springframework\ai\spring-ai-autoconfigure-retry\1.0.0\spring-ai-autoconfigure-retry-1.0.0.jar;C:\Users\Tony\.m2\repository\org\springframework\ai\spring-ai-autoconfigure-model-chat-observation\1.0.0\spring-ai-autoconfigure-model-chat-observation-1.0.0.jar;C:\Users\Tony\.m2\repository\org\springframework\ai\spring-ai-autoconfigure-model-embedding-observation\1.0.0\spring-ai-autoconfigure-model-embedding-observation-1.0.0.jar;C:\Users\Tony\.m2\repository\org\springframework\ai\spring-ai-autoconfigure-model-image-observation\1.0.0\spring-ai-autoconfigure-model-image-observation-1.0.0.jar;C:\Users\Tony\.m2\repository\org\springframework\ai\spring-ai-openai\1.0.0\spring-ai-openai-1.0.0.jar;C:\Users\Tony\.m2\repository\org\springframework\ai\spring-ai-model\1.0.0\spring-ai-model-1.0.0.jar;C:\Users\Tony\.m2\repository\org\springframework\ai\spring-ai-commons\1.0.0\spring-ai-commons-1.0.0.jar;C:\Users\Tony\.m2\repository\org\springframework\ai\spring-ai-template-st\1.0.0\spring-ai-template-st-1.0.0.jar;C:\Users\Tony\.m2\repository\org\springframework\ai\spring-ai-retry\1.0.0\spring-ai-retry-1.0.0.jar;C:\Users\Tony\.m2\repository\org\springframework\retry\spring-retry\2.0.11\spring-retry-2.0.11.jar;C:\Users\Tony\.m2\repository\org\springframework\spring-context-support\6.2.5\spring-context-support-6.2.5.jar;C:\Users\Tony\.m2\repository\org\springframework\ai\spring-ai-autoconfigure-model-chat-client\1.0.0\spring-ai-autoconfigure-model-chat-client-1.0.0.jar;C:\Users\Tony\.m2\repository\org\springframework\ai\spring-ai-client-chat\1.0.0\spring-ai-client-chat-1.0.0.jar;C:\Users\Tony\.m2\repository\org\springframework\ai\spring-ai-autoconfigure-model-chat-memory\1.0.0\spring-ai-autoconfigure-model-chat-memory-1.0.0.jar;C:\Users\Tony\.m2\repository\org\springframework\ai\spring-ai-core\1.0.0-M6\spring-ai-core-1.0.0-M6.jar;C:\Users\Tony\.m2\repository\com\fasterxml\jackson\module\jackson-module-jsonSchema\2.18.3\jackson-module-jsonSchema-2.18.3.jar;C:\Users\Tony\.m2\repository\javax\validation\validation-api\1.1.0.Final\validation-api-1.1.0.Final.jar;C:\Users\Tony\.m2\repository\io\swagger\core\v3\swagger-annotations\2.2.25\swagger-annotations-2.2.25.jar;C:\Users\Tony\.m2\repository\com\github\victools\jsonschema-module-swagger-2\4.37.0\jsonschema-module-swagger-2-4.37.0.jar;C:\Users\Tony\.m2\repository\org\antlr\ST4\4.3.4\ST4-4.3.4.jar;C:\Users\Tony\.m2\repository\org\antlr\antlr-runtime\3.5.3\antlr-runtime-3.5.3.jar;C:\Users\Tony\.m2\repository\org\antlr\antlr4-runtime\4.13.1\antlr4-runtime-4.13.1.jar;C:\Users\Tony\.m2\repository\io\projectreactor\reactor-core\3.7.4\reactor-core-3.7.4.jar;C:\Users\Tony\.m2\repository\org\springframework\spring-messaging\6.2.5\spring-messaging-6.2.5.jar;C:\Users\Tony\.m2\repository\io\micrometer\micrometer-core\1.14.5\micrometer-core-1.14.5.jar;C:\Users\Tony\.m2\repository\io\micrometer\micrometer-commons\1.14.5\micrometer-commons-1.14.5.jar;C:\Users\Tony\.m2\repository\org\hdrhistogram\HdrHistogram\2.2.2\HdrHistogram-2.2.2.jar;C:\Users\Tony\.m2\repository\org\latencyutils\LatencyUtils\2.0.3\LatencyUtils-2.0.3.jar;C:\Users\Tony\.m2\repository\io\micrometer\context-propagation\1.1.2\context-propagation-1.1.2.jar;C:\Users\Tony\.m2\repository\com\knuddels\jtokkit\1.1.0\jtokkit-1.1.0.jar;C:\Users\Tony\.m2\repository\com\github\victools\jsonschema-generator\4.37.0\jsonschema-generator-4.37.0.jar;C:\Users\Tony\.m2\repository\com\github\victools\jsonschema-module-jackson\4.37.0\jsonschema-module-jackson-4.37.0.jar;C:\Users\Tony\.m2\repository\com\fasterxml\jackson\datatype\jackson-datatype-jsr310\2.18.3\jackson-datatype-jsr310-2.18.3.jar;C:\Users\Tony\.m2\repository\org\apache\pdfbox\pdfbox\2.0.30\pdfbox-2.0.30.jar;C:\Users\Tony\.m2\repository\org\apache\pdfbox\fontbox\2.0.30\fontbox-2.0.30.jar;C:\Users\Tony\.m2\repository\org\springframework\boot\spring-boot-starter-actuator\3.4.4\spring-boot-starter-actuator-3.4.4.jar;C:\Users\Tony\.m2\repository\org\springframework\boot\spring-boot-actuator-autoconfigure\3.4.4\spring-boot-actuator-autoconfigure-3.4.4.jar;C:\Users\Tony\.m2\repository\org\springframework\boot\spring-boot-actuator\3.4.4\spring-boot-actuator-3.4.4.jar;C:\Users\Tony\.m2\repository\io\micrometer\micrometer-observation\1.14.5\micrometer-observation-1.14.5.jar;C:\Users\Tony\.m2\repository\io\micrometer\micrometer-jakarta9\1.14.5\micrometer-jakarta9-1.14.5.jar;"/>
    <property name="java.vm.vendor" value="Amazon.com Inc."/>
    <property name="sun.arch.data.model" value="64"/>
    <property name="user.variant" value=""/>
    <property name="java.vendor.url" value="https://aws.amazon.com/corretto/"/>
    <property name="user.timezone" value="America/Lima"/>
    <property name="org.jboss.logging.provider" value="slf4j"/>
    <property name="os.name" value="Windows 11"/>
    <property name="java.vm.specification.version" value="17"/>
    <property name="APPLICATION_NAME" value="ProyectoSanMiguel"/>
    <property name="sun.java.launcher" value="SUN_STANDARD"/>
    <property name="user.country" value="PE"/>
    <property name="sun.boot.library.path" value="C:\Users\Tony\.jdks\corretto-17.0.15\bin"/>
    <property name="sun.java.command" value="C:\Users\Tony\AppData\Local\Temp\surefire18030681767007075471\surefirebooter-20250705235712923_3.jar C:\Users\Tony\AppData\Local\Temp\surefire18030681767007075471 2025-07-05T23-57-12_830-jvmRun1 surefire-20250705235712923_1tmp surefire_0-20250705235712923_2tmp"/>
    <property name="jdk.debug" value="release"/>
    <property name="surefire.test.class.path" value="C:\Users\Tony\Desktop\GIT_Repositories\GTICs\gtics\ProyectoSanMiguel\target\test-classes;C:\Users\Tony\Desktop\GIT_Repositories\GTICs\gtics\ProyectoSanMiguel\target\classes;C:\Users\Tony\.m2\repository\org\springframework\boot\spring-boot-starter-web\3.4.4\spring-boot-starter-web-3.4.4.jar;C:\Users\Tony\.m2\repository\org\springframework\boot\spring-boot-starter-json\3.4.4\spring-boot-starter-json-3.4.4.jar;C:\Users\Tony\.m2\repository\com\fasterxml\jackson\datatype\jackson-datatype-jdk8\2.18.3\jackson-datatype-jdk8-2.18.3.jar;C:\Users\Tony\.m2\repository\com\fasterxml\jackson\module\jackson-module-parameter-names\2.18.3\jackson-module-parameter-names-2.18.3.jar;C:\Users\Tony\.m2\repository\org\springframework\boot\spring-boot-starter-tomcat\3.4.4\spring-boot-starter-tomcat-3.4.4.jar;C:\Users\Tony\.m2\repository\org\apache\tomcat\embed\tomcat-embed-core\10.1.39\tomcat-embed-core-10.1.39.jar;C:\Users\Tony\.m2\repository\org\apache\tomcat\embed\tomcat-embed-websocket\10.1.39\tomcat-embed-websocket-10.1.39.jar;C:\Users\Tony\.m2\repository\org\springframework\spring-web\6.2.5\spring-web-6.2.5.jar;C:\Users\Tony\.m2\repository\org\springframework\spring-beans\6.2.5\spring-beans-6.2.5.jar;C:\Users\Tony\.m2\repository\org\springframework\spring-webmvc\6.2.5\spring-webmvc-6.2.5.jar;C:\Users\Tony\.m2\repository\org\springframework\spring-expression\6.2.5\spring-expression-6.2.5.jar;C:\Users\Tony\.m2\repository\org\springframework\boot\spring-boot-starter-test\3.4.4\spring-boot-starter-test-3.4.4.jar;C:\Users\Tony\.m2\repository\org\springframework\boot\spring-boot-test\3.4.4\spring-boot-test-3.4.4.jar;C:\Users\Tony\.m2\repository\org\springframework\boot\spring-boot-test-autoconfigure\3.4.4\spring-boot-test-autoconfigure-3.4.4.jar;C:\Users\Tony\.m2\repository\com\jayway\jsonpath\json-path\2.9.0\json-path-2.9.0.jar;C:\Users\Tony\.m2\repository\jakarta\xml\bind\jakarta.xml.bind-api\4.0.2\jakarta.xml.bind-api-4.0.2.jar;C:\Users\Tony\.m2\repository\jakarta\activation\jakarta.activation-api\2.1.3\jakarta.activation-api-2.1.3.jar;C:\Users\Tony\.m2\repository\net\minidev\json-smart\2.5.2\json-smart-2.5.2.jar;C:\Users\Tony\.m2\repository\net\minidev\accessors-smart\2.5.2\accessors-smart-2.5.2.jar;C:\Users\Tony\.m2\repository\org\ow2\asm\asm\9.7.1\asm-9.7.1.jar;C:\Users\Tony\.m2\repository\org\assertj\assertj-core\3.26.3\assertj-core-3.26.3.jar;C:\Users\Tony\.m2\repository\net\bytebuddy\byte-buddy\1.15.11\byte-buddy-1.15.11.jar;C:\Users\Tony\.m2\repository\org\awaitility\awaitility\4.2.2\awaitility-4.2.2.jar;C:\Users\Tony\.m2\repository\org\hamcrest\hamcrest\2.2\hamcrest-2.2.jar;C:\Users\Tony\.m2\repository\org\junit\jupiter\junit-jupiter\5.11.4\junit-jupiter-5.11.4.jar;C:\Users\Tony\.m2\repository\org\junit\jupiter\junit-jupiter-api\5.11.4\junit-jupiter-api-5.11.4.jar;C:\Users\Tony\.m2\repository\org\opentest4j\opentest4j\1.3.0\opentest4j-1.3.0.jar;C:\Users\Tony\.m2\repository\org\junit\platform\junit-platform-commons\1.11.4\junit-platform-commons-1.11.4.jar;C:\Users\Tony\.m2\repository\org\apiguardian\apiguardian-api\1.1.2\apiguardian-api-1.1.2.jar;C:\Users\Tony\.m2\repository\org\junit\jupiter\junit-jupiter-params\5.11.4\junit-jupiter-params-5.11.4.jar;C:\Users\Tony\.m2\repository\org\junit\jupiter\junit-jupiter-engine\5.11.4\junit-jupiter-engine-5.11.4.jar;C:\Users\Tony\.m2\repository\org\junit\platform\junit-platform-engine\1.11.4\junit-platform-engine-1.11.4.jar;C:\Users\Tony\.m2\repository\org\mockito\mockito-core\5.14.2\mockito-core-5.14.2.jar;C:\Users\Tony\.m2\repository\net\bytebuddy\byte-buddy-agent\1.15.11\byte-buddy-agent-1.15.11.jar;C:\Users\Tony\.m2\repository\org\objenesis\objenesis\3.3\objenesis-3.3.jar;C:\Users\Tony\.m2\repository\org\mockito\mockito-junit-jupiter\5.14.2\mockito-junit-jupiter-5.14.2.jar;C:\Users\Tony\.m2\repository\org\skyscreamer\jsonassert\1.5.3\jsonassert-1.5.3.jar;C:\Users\Tony\.m2\repository\com\vaadin\external\google\android-json\0.0.20131108.vaadin1\android-json-0.0.20131108.vaadin1.jar;C:\Users\Tony\.m2\repository\org\springframework\spring-core\6.2.5\spring-core-6.2.5.jar;C:\Users\Tony\.m2\repository\org\springframework\spring-jcl\6.2.5\spring-jcl-6.2.5.jar;C:\Users\Tony\.m2\repository\org\springframework\spring-test\6.2.5\spring-test-6.2.5.jar;C:\Users\Tony\.m2\repository\org\xmlunit\xmlunit-core\2.10.0\xmlunit-core-2.10.0.jar;C:\Users\Tony\.m2\repository\org\springframework\boot\spring-boot-starter-thymeleaf\3.4.4\spring-boot-starter-thymeleaf-3.4.4.jar;C:\Users\Tony\.m2\repository\org\thymeleaf\thymeleaf-spring6\3.1.3.RELEASE\thymeleaf-spring6-3.1.3.RELEASE.jar;C:\Users\Tony\.m2\repository\org\thymeleaf\thymeleaf\3.1.3.RELEASE\thymeleaf-3.1.3.RELEASE.jar;C:\Users\Tony\.m2\repository\org\attoparser\attoparser\2.0.7.RELEASE\attoparser-2.0.7.RELEASE.jar;C:\Users\Tony\.m2\repository\org\unbescape\unbescape\1.1.6.RELEASE\unbescape-1.1.6.RELEASE.jar;C:\Users\Tony\.m2\repository\com\google\code\gson\gson\2.10.1\gson-2.10.1.jar;C:\Users\Tony\.m2\repository\org\springframework\boot\spring-boot-devtools\3.4.4\spring-boot-devtools-3.4.4.jar;C:\Users\Tony\.m2\repository\org\springframework\boot\spring-boot\3.4.4\spring-boot-3.4.4.jar;C:\Users\Tony\.m2\repository\org\springframework\boot\spring-boot-autoconfigure\3.4.4\spring-boot-autoconfigure-3.4.4.jar;C:\Users\Tony\.m2\repository\org\springframework\boot\spring-boot-starter-data-jpa\3.4.4\spring-boot-starter-data-jpa-3.4.4.jar;C:\Users\Tony\.m2\repository\org\springframework\boot\spring-boot-starter-jdbc\3.4.4\spring-boot-starter-jdbc-3.4.4.jar;C:\Users\Tony\.m2\repository\com\zaxxer\HikariCP\5.1.0\HikariCP-5.1.0.jar;C:\Users\Tony\.m2\repository\org\hibernate\orm\hibernate-core\6.6.11.Final\hibernate-core-6.6.11.Final.jar;C:\Users\Tony\.m2\repository\jakarta\persistence\jakarta.persistence-api\3.1.0\jakarta.persistence-api-3.1.0.jar;C:\Users\Tony\.m2\repository\jakarta\transaction\jakarta.transaction-api\2.0.1\jakarta.transaction-api-2.0.1.jar;C:\Users\Tony\.m2\repository\org\jboss\logging\jboss-logging\3.6.1.Final\jboss-logging-3.6.1.Final.jar;C:\Users\Tony\.m2\repository\org\hibernate\common\hibernate-commons-annotations\7.0.3.Final\hibernate-commons-annotations-7.0.3.Final.jar;C:\Users\Tony\.m2\repository\io\smallrye\jandex\3.2.0\jandex-3.2.0.jar;C:\Users\Tony\.m2\repository\com\fasterxml\classmate\1.7.0\classmate-1.7.0.jar;C:\Users\Tony\.m2\repository\org\glassfish\jaxb\jaxb-runtime\4.0.5\jaxb-runtime-4.0.5.jar;C:\Users\Tony\.m2\repository\org\glassfish\jaxb\jaxb-core\4.0.5\jaxb-core-4.0.5.jar;C:\Users\Tony\.m2\repository\org\eclipse\angus\angus-activation\2.0.2\angus-activation-2.0.2.jar;C:\Users\Tony\.m2\repository\org\glassfish\jaxb\txw2\4.0.5\txw2-4.0.5.jar;C:\Users\Tony\.m2\repository\com\sun\istack\istack-commons-runtime\4.1.2\istack-commons-runtime-4.1.2.jar;C:\Users\Tony\.m2\repository\jakarta\inject\jakarta.inject-api\2.0.1\jakarta.inject-api-2.0.1.jar;C:\Users\Tony\.m2\repository\org\springframework\data\spring-data-jpa\3.4.4\spring-data-jpa-3.4.4.jar;C:\Users\Tony\.m2\repository\org\springframework\data\spring-data-commons\3.4.4\spring-data-commons-3.4.4.jar;C:\Users\Tony\.m2\repository\org\springframework\spring-orm\6.2.5\spring-orm-6.2.5.jar;C:\Users\Tony\.m2\repository\org\springframework\spring-tx\6.2.5\spring-tx-6.2.5.jar;C:\Users\Tony\.m2\repository\org\springframework\spring-aspects\6.2.5\spring-aspects-6.2.5.jar;C:\Users\Tony\.m2\repository\org\aspectj\aspectjweaver\1.9.23\aspectjweaver-1.9.23.jar;C:\Users\Tony\.m2\repository\com\mysql\mysql-connector-j\8.0.32\mysql-connector-j-8.0.32.jar;C:\Users\Tony\.m2\repository\org\springframework\boot\spring-boot-starter\3.4.4\spring-boot-starter-3.4.4.jar;C:\Users\Tony\.m2\repository\org\springframework\boot\spring-boot-starter-logging\3.4.4\spring-boot-starter-logging-3.4.4.jar;C:\Users\Tony\.m2\repository\ch\qos\logback\logback-classic\1.5.18\logback-classic-1.5.18.jar;C:\Users\Tony\.m2\repository\ch\qos\logback\logback-core\1.5.18\logback-core-1.5.18.jar;C:\Users\Tony\.m2\repository\org\apache\logging\log4j\log4j-to-slf4j\2.24.3\log4j-to-slf4j-2.24.3.jar;C:\Users\Tony\.m2\repository\org\apache\logging\log4j\log4j-api\2.24.3\log4j-api-2.24.3.jar;C:\Users\Tony\.m2\repository\org\slf4j\jul-to-slf4j\2.0.17\jul-to-slf4j-2.0.17.jar;C:\Users\Tony\.m2\repository\jakarta\annotation\jakarta.annotation-api\2.1.1\jakarta.annotation-api-2.1.1.jar;C:\Users\Tony\.m2\repository\org\yaml\snakeyaml\2.3\snakeyaml-2.3.jar;C:\Users\Tony\.m2\repository\org\projectlombok\lombok\1.18.28\lombok-1.18.28.jar;C:\Users\Tony\.m2\repository\org\springframework\boot\spring-boot-starter-validation\3.4.4\spring-boot-starter-validation-3.4.4.jar;C:\Users\Tony\.m2\repository\org\apache\tomcat\embed\tomcat-embed-el\10.1.39\tomcat-embed-el-10.1.39.jar;C:\Users\Tony\.m2\repository\org\hibernate\validator\hibernate-validator\8.0.2.Final\hibernate-validator-8.0.2.Final.jar;C:\Users\Tony\.m2\repository\jakarta\validation\jakarta.validation-api\3.0.2\jakarta.validation-api-3.0.2.jar;C:\Users\Tony\.m2\repository\org\springframework\boot\spring-boot-starter-security\3.4.4\spring-boot-starter-security-3.4.4.jar;C:\Users\Tony\.m2\repository\org\springframework\spring-aop\6.2.5\spring-aop-6.2.5.jar;C:\Users\Tony\.m2\repository\org\springframework\security\spring-security-config\6.4.4\spring-security-config-6.4.4.jar;C:\Users\Tony\.m2\repository\org\springframework\security\spring-security-core\6.4.4\spring-security-core-6.4.4.jar;C:\Users\Tony\.m2\repository\org\springframework\security\spring-security-crypto\6.4.4\spring-security-crypto-6.4.4.jar;C:\Users\Tony\.m2\repository\org\springframework\security\spring-security-web\6.4.4\spring-security-web-6.4.4.jar;C:\Users\Tony\.m2\repository\org\thymeleaf\extras\thymeleaf-extras-springsecurity6\3.1.3.RELEASE\thymeleaf-extras-springsecurity6-3.1.3.RELEASE.jar;C:\Users\Tony\.m2\repository\org\slf4j\slf4j-api\2.0.17\slf4j-api-2.0.17.jar;C:\Users\Tony\.m2\repository\org\springframework\session\spring-session-jdbc\3.4.2\spring-session-jdbc-3.4.2.jar;C:\Users\Tony\.m2\repository\org\springframework\session\spring-session-core\3.4.2\spring-session-core-3.4.2.jar;C:\Users\Tony\.m2\repository\org\springframework\spring-context\6.2.5\spring-context-6.2.5.jar;C:\Users\Tony\.m2\repository\org\springframework\spring-jdbc\6.2.5\spring-jdbc-6.2.5.jar;C:\Users\Tony\.m2\repository\software\amazon\awssdk\s3\2.25.2\s3-2.25.2.jar;C:\Users\Tony\.m2\repository\software\amazon\awssdk\aws-xml-protocol\2.25.2\aws-xml-protocol-2.25.2.jar;C:\Users\Tony\.m2\repository\software\amazon\awssdk\aws-query-protocol\2.25.2\aws-query-protocol-2.25.2.jar;C:\Users\Tony\.m2\repository\software\amazon\awssdk\protocol-core\2.25.2\protocol-core-2.25.2.jar;C:\Users\Tony\.m2\repository\software\amazon\awssdk\arns\2.25.2\arns-2.25.2.jar;C:\Users\Tony\.m2\repository\software\amazon\awssdk\profiles\2.25.2\profiles-2.25.2.jar;C:\Users\Tony\.m2\repository\software\amazon\awssdk\crt-core\2.25.2\crt-core-2.25.2.jar;C:\Users\Tony\.m2\repository\software\amazon\awssdk\http-auth\2.25.2\http-auth-2.25.2.jar;C:\Users\Tony\.m2\repository\software\amazon\awssdk\identity-spi\2.25.2\identity-spi-2.25.2.jar;C:\Users\Tony\.m2\repository\software\amazon\awssdk\http-auth-spi\2.25.2\http-auth-spi-2.25.2.jar;C:\Users\Tony\.m2\repository\org\reactivestreams\reactive-streams\1.0.4\reactive-streams-1.0.4.jar;C:\Users\Tony\.m2\repository\software\amazon\awssdk\http-auth-aws\2.25.2\http-auth-aws-2.25.2.jar;C:\Users\Tony\.m2\repository\software\amazon\awssdk\checksums\2.25.2\checksums-2.25.2.jar;C:\Users\Tony\.m2\repository\software\amazon\awssdk\checksums-spi\2.25.2\checksums-spi-2.25.2.jar;C:\Users\Tony\.m2\repository\software\amazon\awssdk\sdk-core\2.25.2\sdk-core-2.25.2.jar;C:\Users\Tony\.m2\repository\software\amazon\awssdk\http-client-spi\2.25.2\http-client-spi-2.25.2.jar;C:\Users\Tony\.m2\repository\software\amazon\awssdk\regions\2.25.2\regions-2.25.2.jar;C:\Users\Tony\.m2\repository\software\amazon\awssdk\annotations\2.25.2\annotations-2.25.2.jar;C:\Users\Tony\.m2\repository\software\amazon\awssdk\utils\2.25.2\utils-2.25.2.jar;C:\Users\Tony\.m2\repository\software\amazon\awssdk\aws-core\2.25.2\aws-core-2.25.2.jar;C:\Users\Tony\.m2\repository\software\amazon\awssdk\metrics-spi\2.25.2\metrics-spi-2.25.2.jar;C:\Users\Tony\.m2\repository\software\amazon\awssdk\json-utils\2.25.2\json-utils-2.25.2.jar;C:\Users\Tony\.m2\repository\software\amazon\awssdk\third-party-jackson-core\2.25.2\third-party-jackson-core-2.25.2.jar;C:\Users\Tony\.m2\repository\software\amazon\awssdk\endpoints-spi\2.25.2\endpoints-spi-2.25.2.jar;C:\Users\Tony\.m2\repository\software\amazon\awssdk\apache-client\2.25.2\apache-client-2.25.2.jar;C:\Users\Tony\.m2\repository\org\apache\httpcomponents\httpclient\4.5.13\httpclient-4.5.13.jar;C:\Users\Tony\.m2\repository\org\apache\httpcomponents\httpcore\4.4.16\httpcore-4.4.16.jar;C:\Users\Tony\.m2\repository\commons-codec\commons-codec\1.17.2\commons-codec-1.17.2.jar;C:\Users\Tony\.m2\repository\software\amazon\awssdk\netty-nio-client\2.25.2\netty-nio-client-2.25.2.jar;C:\Users\Tony\.m2\repository\io\netty\netty-codec-http\4.1.119.Final\netty-codec-http-4.1.119.Final.jar;C:\Users\Tony\.m2\repository\io\netty\netty-codec-http2\4.1.119.Final\netty-codec-http2-4.1.119.Final.jar;C:\Users\Tony\.m2\repository\io\netty\netty-codec\4.1.119.Final\netty-codec-4.1.119.Final.jar;C:\Users\Tony\.m2\repository\io\netty\netty-transport\4.1.119.Final\netty-transport-4.1.119.Final.jar;C:\Users\Tony\.m2\repository\io\netty\netty-common\4.1.119.Final\netty-common-4.1.119.Final.jar;C:\Users\Tony\.m2\repository\io\netty\netty-buffer\4.1.119.Final\netty-buffer-4.1.119.Final.jar;C:\Users\Tony\.m2\repository\io\netty\netty-handler\4.1.119.Final\netty-handler-4.1.119.Final.jar;C:\Users\Tony\.m2\repository\io\netty\netty-transport-native-unix-common\4.1.119.Final\netty-transport-native-unix-common-4.1.119.Final.jar;C:\Users\Tony\.m2\repository\io\netty\netty-transport-classes-epoll\4.1.119.Final\netty-transport-classes-epoll-4.1.119.Final.jar;C:\Users\Tony\.m2\repository\io\netty\netty-resolver\4.1.119.Final\netty-resolver-4.1.119.Final.jar;C:\Users\Tony\.m2\repository\software\amazon\awssdk\auth\2.25.2\auth-2.25.2.jar;C:\Users\Tony\.m2\repository\software\amazon\eventstream\eventstream\1.0.1\eventstream-1.0.1.jar;C:\Users\Tony\.m2\repository\org\springframework\boot\spring-boot-starter-webflux\3.4.4\spring-boot-starter-webflux-3.4.4.jar;C:\Users\Tony\.m2\repository\org\springframework\boot\spring-boot-starter-reactor-netty\3.4.4\spring-boot-starter-reactor-netty-3.4.4.jar;C:\Users\Tony\.m2\repository\io\projectreactor\netty\reactor-netty-http\1.2.4\reactor-netty-http-1.2.4.jar;C:\Users\Tony\.m2\repository\io\netty\netty-resolver-dns\4.1.119.Final\netty-resolver-dns-4.1.119.Final.jar;C:\Users\Tony\.m2\repository\io\netty\netty-codec-dns\4.1.119.Final\netty-codec-dns-4.1.119.Final.jar;C:\Users\Tony\.m2\repository\io\netty\netty-resolver-dns-native-macos\4.1.119.Final\netty-resolver-dns-native-macos-4.1.119.Final-osx-x86_64.jar;C:\Users\Tony\.m2\repository\io\netty\netty-resolver-dns-classes-macos\4.1.119.Final\netty-resolver-dns-classes-macos-4.1.119.Final.jar;C:\Users\Tony\.m2\repository\io\netty\netty-transport-native-epoll\4.1.119.Final\netty-transport-native-epoll-4.1.119.Final-linux-x86_64.jar;C:\Users\Tony\.m2\repository\io\projectreactor\netty\reactor-netty-core\1.2.4\reactor-netty-core-1.2.4.jar;C:\Users\Tony\.m2\repository\io\netty\netty-handler-proxy\4.1.119.Final\netty-handler-proxy-4.1.119.Final.jar;C:\Users\Tony\.m2\repository\io\netty\netty-codec-socks\4.1.119.Final\netty-codec-socks-4.1.119.Final.jar;C:\Users\Tony\.m2\repository\org\springframework\spring-webflux\6.2.5\spring-webflux-6.2.5.jar;C:\Users\Tony\.m2\repository\com\sendgrid\sendgrid-java\4.9.3\sendgrid-java-4.9.3.jar;C:\Users\Tony\.m2\repository\com\sendgrid\java-http-client\4.5.0\java-http-client-4.5.0.jar;C:\Users\Tony\.m2\repository\com\fasterxml\jackson\core\jackson-core\2.18.3\jackson-core-2.18.3.jar;C:\Users\Tony\.m2\repository\com\fasterxml\jackson\core\jackson-annotations\2.18.3\jackson-annotations-2.18.3.jar;C:\Users\Tony\.m2\repository\com\fasterxml\jackson\core\jackson-databind\2.18.3\jackson-databind-2.18.3.jar;C:\Users\Tony\.m2\repository\org\bouncycastle\bcprov-jdk15on\1.70\bcprov-jdk15on-1.70.jar;C:\Users\Tony\.m2\repository\net\sf\jasperreports\jasperreports\7.0.3\jasperreports-7.0.3.jar;C:\Users\Tony\.m2\repository\commons-logging\commons-logging\1.3.0\commons-logging-1.3.0.jar;C:\Users\Tony\.m2\repository\org\apache\commons\commons-collections4\4.4\commons-collections4-4.4.jar;C:\Users\Tony\.m2\repository\com\fasterxml\jackson\dataformat\jackson-dataformat-xml\2.18.3\jackson-dataformat-xml-2.18.3.jar;C:\Users\Tony\.m2\repository\org\codehaus\woodstox\stax2-api\4.2.2\stax2-api-4.2.2.jar;C:\Users\Tony\.m2\repository\com\fasterxml\woodstox\woodstox-core\7.0.0\woodstox-core-7.0.0.jar;C:\Users\Tony\.m2\repository\org\apache\xmlgraphics\batik-anim\1.18\batik-anim-1.18.jar;C:\Users\Tony\.m2\repository\org\apache\xmlgraphics\batik-ext\1.18\batik-ext-1.18.jar;C:\Users\Tony\.m2\repository\org\apache\xmlgraphics\batik-parser\1.18\batik-parser-1.18.jar;C:\Users\Tony\.m2\repository\org\apache\xmlgraphics\batik-shared-resources\1.18\batik-shared-resources-1.18.jar;C:\Users\Tony\.m2\repository\org\apache\xmlgraphics\batik-bridge\1.18\batik-bridge-1.18.jar;C:\Users\Tony\.m2\repository\org\apache\xmlgraphics\batik-script\1.18\batik-script-1.18.jar;C:\Users\Tony\.m2\repository\org\apache\xmlgraphics\batik-xml\1.18\batik-xml-1.18.jar;C:\Users\Tony\.m2\repository\org\apache\xmlgraphics\xmlgraphics-commons\2.10\xmlgraphics-commons-2.10.jar;C:\Users\Tony\.m2\repository\commons-io\commons-io\2.11.0\commons-io-2.11.0.jar;C:\Users\Tony\.m2\repository\org\apache\xmlgraphics\batik-dom\1.18\batik-dom-1.18.jar;C:\Users\Tony\.m2\repository\org\apache\xmlgraphics\batik-svg-dom\1.18\batik-svg-dom-1.18.jar;C:\Users\Tony\.m2\repository\org\apache\xmlgraphics\batik-awt-util\1.18\batik-awt-util-1.18.jar;C:\Users\Tony\.m2\repository\org\apache\xmlgraphics\batik-gvt\1.18\batik-gvt-1.18.jar;C:\Users\Tony\.m2\repository\org\apache\xmlgraphics\batik-util\1.18\batik-util-1.18.jar;C:\Users\Tony\.m2\repository\org\apache\xmlgraphics\batik-i18n\1.18\batik-i18n-1.18.jar;C:\Users\Tony\.m2\repository\org\apache\xmlgraphics\batik-constants\1.18\batik-constants-1.18.jar;C:\Users\Tony\.m2\repository\org\apache\xmlgraphics\batik-css\1.18\batik-css-1.18.jar;C:\Users\Tony\.m2\repository\xml-apis\xml-apis-ext\1.3.04\xml-apis-ext-1.3.04.jar;C:\Users\Tony\.m2\repository\commons-beanutils\commons-beanutils\1.9.4\commons-beanutils-1.9.4.jar;C:\Users\Tony\.m2\repository\commons-collections\commons-collections\3.2.2\commons-collections-3.2.2.jar;C:\Users\Tony\.m2\repository\net\sf\jasperreports\jasperreports-functions\7.0.3\jasperreports-functions-7.0.3.jar;C:\Users\Tony\.m2\repository\org\eclipse\jdt\core\compiler\ecj\4.6.1\ecj-4.6.1.jar;C:\Users\Tony\.m2\repository\net\sf\jasperreports\jasperreports-pdf\7.0.3\jasperreports-pdf-7.0.3.jar;C:\Users\Tony\.m2\repository\com\github\librepdf\openpdf\1.3.32\openpdf-1.3.32.jar;C:\Users\Tony\.m2\repository\com\adobe\xmp\xmpcore\6.1.11\xmpcore-6.1.11.jar;C:\Users\Tony\.m2\repository\net\sf\jasperreports\jasperreports-fonts\7.0.3\jasperreports-fonts-7.0.3.jar;C:\Users\Tony\.m2\repository\org\json\json\20240303\json-20240303.jar;C:\Users\Tony\.m2\repository\org\springframework\ai\spring-ai-starter-model-openai\1.0.0\spring-ai-starter-model-openai-1.0.0.jar;C:\Users\Tony\.m2\repository\org\springframework\ai\spring-ai-autoconfigure-model-openai\1.0.0\spring-ai-autoconfigure-model-openai-1.0.0.jar;C:\Users\Tony\.m2\repository\org\springframework\ai\spring-ai-autoconfigure-model-tool\1.0.0\spring-ai-autoconfigure-model-tool-1.0.0.jar;C:\Users\Tony\.m2\repository\org\springframework\ai\spring-ai-autoconfigure-retry\1.0.0\spring-ai-autoconfigure-retry-1.0.0.jar;C:\Users\Tony\.m2\repository\org\springframework\ai\spring-ai-autoconfigure-model-chat-observation\1.0.0\spring-ai-autoconfigure-model-chat-observation-1.0.0.jar;C:\Users\Tony\.m2\repository\org\springframework\ai\spring-ai-autoconfigure-model-embedding-observation\1.0.0\spring-ai-autoconfigure-model-embedding-observation-1.0.0.jar;C:\Users\Tony\.m2\repository\org\springframework\ai\spring-ai-autoconfigure-model-image-observation\1.0.0\spring-ai-autoconfigure-model-image-observation-1.0.0.jar;C:\Users\Tony\.m2\repository\org\springframework\ai\spring-ai-openai\1.0.0\spring-ai-openai-1.0.0.jar;C:\Users\Tony\.m2\repository\org\springframework\ai\spring-ai-model\1.0.0\spring-ai-model-1.0.0.jar;C:\Users\Tony\.m2\repository\org\springframework\ai\spring-ai-commons\1.0.0\spring-ai-commons-1.0.0.jar;C:\Users\Tony\.m2\repository\org\springframework\ai\spring-ai-template-st\1.0.0\spring-ai-template-st-1.0.0.jar;C:\Users\Tony\.m2\repository\org\springframework\ai\spring-ai-retry\1.0.0\spring-ai-retry-1.0.0.jar;C:\Users\Tony\.m2\repository\org\springframework\retry\spring-retry\2.0.11\spring-retry-2.0.11.jar;C:\Users\Tony\.m2\repository\org\springframework\spring-context-support\6.2.5\spring-context-support-6.2.5.jar;C:\Users\Tony\.m2\repository\org\springframework\ai\spring-ai-autoconfigure-model-chat-client\1.0.0\spring-ai-autoconfigure-model-chat-client-1.0.0.jar;C:\Users\Tony\.m2\repository\org\springframework\ai\spring-ai-client-chat\1.0.0\spring-ai-client-chat-1.0.0.jar;C:\Users\Tony\.m2\repository\org\springframework\ai\spring-ai-autoconfigure-model-chat-memory\1.0.0\spring-ai-autoconfigure-model-chat-memory-1.0.0.jar;C:\Users\Tony\.m2\repository\org\springframework\ai\spring-ai-core\1.0.0-M6\spring-ai-core-1.0.0-M6.jar;C:\Users\Tony\.m2\repository\com\fasterxml\jackson\module\jackson-module-jsonSchema\2.18.3\jackson-module-jsonSchema-2.18.3.jar;C:\Users\Tony\.m2\repository\javax\validation\validation-api\1.1.0.Final\validation-api-1.1.0.Final.jar;C:\Users\Tony\.m2\repository\io\swagger\core\v3\swagger-annotations\2.2.25\swagger-annotations-2.2.25.jar;C:\Users\Tony\.m2\repository\com\github\victools\jsonschema-module-swagger-2\4.37.0\jsonschema-module-swagger-2-4.37.0.jar;C:\Users\Tony\.m2\repository\org\antlr\ST4\4.3.4\ST4-4.3.4.jar;C:\Users\Tony\.m2\repository\org\antlr\antlr-runtime\3.5.3\antlr-runtime-3.5.3.jar;C:\Users\Tony\.m2\repository\org\antlr\antlr4-runtime\4.13.1\antlr4-runtime-4.13.1.jar;C:\Users\Tony\.m2\repository\io\projectreactor\reactor-core\3.7.4\reactor-core-3.7.4.jar;C:\Users\Tony\.m2\repository\org\springframework\spring-messaging\6.2.5\spring-messaging-6.2.5.jar;C:\Users\Tony\.m2\repository\io\micrometer\micrometer-core\1.14.5\micrometer-core-1.14.5.jar;C:\Users\Tony\.m2\repository\io\micrometer\micrometer-commons\1.14.5\micrometer-commons-1.14.5.jar;C:\Users\Tony\.m2\repository\org\hdrhistogram\HdrHistogram\2.2.2\HdrHistogram-2.2.2.jar;C:\Users\Tony\.m2\repository\org\latencyutils\LatencyUtils\2.0.3\LatencyUtils-2.0.3.jar;C:\Users\Tony\.m2\repository\io\micrometer\context-propagation\1.1.2\context-propagation-1.1.2.jar;C:\Users\Tony\.m2\repository\com\knuddels\jtokkit\1.1.0\jtokkit-1.1.0.jar;C:\Users\Tony\.m2\repository\com\github\victools\jsonschema-generator\4.37.0\jsonschema-generator-4.37.0.jar;C:\Users\Tony\.m2\repository\com\github\victools\jsonschema-module-jackson\4.37.0\jsonschema-module-jackson-4.37.0.jar;C:\Users\Tony\.m2\repository\com\fasterxml\jackson\datatype\jackson-datatype-jsr310\2.18.3\jackson-datatype-jsr310-2.18.3.jar;C:\Users\Tony\.m2\repository\org\apache\pdfbox\pdfbox\2.0.30\pdfbox-2.0.30.jar;C:\Users\Tony\.m2\repository\org\apache\pdfbox\fontbox\2.0.30\fontbox-2.0.30.jar;C:\Users\Tony\.m2\repository\org\springframework\boot\spring-boot-starter-actuator\3.4.4\spring-boot-starter-actuator-3.4.4.jar;C:\Users\Tony\.m2\repository\org\springframework\boot\spring-boot-actuator-autoconfigure\3.4.4\spring-boot-actuator-autoconfigure-3.4.4.jar;C:\Users\Tony\.m2\repository\org\springframework\boot\spring-boot-actuator\3.4.4\spring-boot-actuator-3.4.4.jar;C:\Users\Tony\.m2\repository\io\micrometer\micrometer-observation\1.14.5\micrometer-observation-1.14.5.jar;C:\Users\Tony\.m2\repository\io\micrometer\micrometer-jakarta9\1.14.5\micrometer-jakarta9-1.14.5.jar;"/>
    <property name="sun.cpu.endian" value="little"/>
    <property name="user.home" value="C:\Users\Tony"/>
    <property name="user.language" value="es"/>
    <property name="java.specification.vendor" value="Oracle Corporation"/>
    <property name="java.version.date" value="2025-04-15"/>
    <property name="java.home" value="C:\Users\Tony\.jdks\corretto-17.0.15"/>
    <property name="file.separator" value="\"/>
    <property name="basedir" value="C:\Users\Tony\Desktop\GIT_Repositories\GTICs\gtics\ProyectoSanMiguel"/>
    <property name="java.vm.compressedOopsMode" value="Zero based"/>
    <property name="line.separator" value="&#10;"/>
    <property name="java.vm.specification.vendor" value="Oracle Corporation"/>
    <property name="java.specification.name" value="Java Platform API Specification"/>
    <property name="FILE_LOG_CHARSET" value="windows-1252"/>
    <property name="java.awt.headless" value="true"/>
    <property name="surefire.real.class.path" value="C:\Users\Tony\AppData\Local\Temp\surefire18030681767007075471\surefirebooter-20250705235712923_3.jar"/>
    <property name="user.script" value=""/>
    <property name="sun.management.compiler" value="HotSpot 64-Bit Tiered Compilers"/>
    <property name="java.runtime.version" value="17.0.15+6-LTS"/>
    <property name="user.name" value="Tony"/>
    <property name="path.separator" value=";"/>
    <property name="os.version" value="10.0"/>
    <property name="java.runtime.name" value="OpenJDK Runtime Environment"/>
    <property name="file.encoding" value="Cp1252"/>
    <property name="java.vm.name" value="OpenJDK 64-Bit Server VM"/>
    <property name="java.vendor.version" value="Corretto-17.0.15.6.1"/>
    <property name="localRepository" value="C:\Users\Tony\.m2\repository"/>
    <property name="java.vendor.url.bug" value="https://github.com/corretto/corretto-17/issues/"/>
    <property name="java.io.tmpdir" value="C:\Users\Tony\AppData\Local\Temp\"/>
    <property name="idea.version" value="2025.1.2"/>
    <property name="com.zaxxer.hikari.pool_number" value="1"/>
    <property name="java.version" value="17.0.15"/>
    <property name="user.dir" value="C:\Users\Tony\Desktop\GIT_Repositories\GTICs\gtics\ProyectoSanMiguel"/>
    <property name="os.arch" value="amd64"/>
    <property name="java.vm.specification.name" value="Java Virtual Machine Specification"/>
    <property name="PID" value="12320"/>
    <property name="sun.os.patch.level" value=""/>
    <property name="CONSOLE_LOG_CHARSET" value="windows-1252"/>
    <property name="native.encoding" value="Cp1252"/>
    <property name="java.library.path" value="C:\Users\Tony\.jdks\corretto-17.0.15\bin;C:\WINDOWS\Sun\Java\bin;C:\WINDOWS\system32;C:\WINDOWS;C:\Program Files (x86)\VMware\VMware Workstation\bin\;C:\Windows\system32;C:\Windows;C:\Windows\System32\Wbem;C:\Windows\System32\WindowsPowerShell\v1.0\;C:\Windows\System32\OpenSSH\;C:\Program Files (x86)\NVIDIA Corporation\PhysX\Common;C:\WINDOWS\system32;C:\WINDOWS;C:\WINDOWS\System32\Wbem;C:\WINDOWS\System32\WindowsPowerShell\v1.0\;C:\WINDOWS\System32\OpenSSH\;C:\Program Files (x86)\dotnet\;C:\Program Files\mingw64\bin;C:\Program Files\MATLAB\R2024a\bin;D:\Juegos\Git\cmd;C:\Program Files\dotnet\;C:\Program Files\NVIDIA Corporation\NVIDIA App\NvDLISR;C:\Program Files\Docker\Docker\resources\bin;C:\Program Files\Tailscale\;C:\Users\Tony\AppData\Local\Programs\Python\Python313\Scripts\;C:\Users\Tony\AppData\Local\Programs\Python\Python313\;C:\Program Files\MySQL\MySQL Shell 8.0\bin\;C:\Users\Tony\AppData\Local\Microsoft\WindowsApps;C:\Users\Tony\AppData\Local\Programs\Microsoft VS Code\bin;C:\Users\Tony\AppData\Local\GitHubDesktop\bin;;."/>
    <property name="java.vm.info" value="mixed mode, sharing"/>
    <property name="java.vendor" value="Amazon.com Inc."/>
    <property name="java.vm.version" value="17.0.15+6-LTS"/>
    <property name="java.specification.maintenance.version" value="1"/>
    <property name="sun.io.unicode.encoding" value="UnicodeLittle"/>
    <property name="java.class.version" value="61.0"/>
    <property name="LOGGED_APPLICATION_NAME" value="[ProyectoSanMiguel] "/>
  </properties>
  <testcase name="contextLoads" classname="com.example.proyectosanmiguel.ProyectoSanMiguelApplicationTests" time="0.294">
    <system-out><![CDATA[23:57:13.664 [main] INFO org.springframework.test.context.support.AnnotationConfigContextLoaderUtils -- Could not detect default configuration classes for test class [com.example.proyectosanmiguel.ProyectoSanMiguelApplicationTests]: ProyectoSanMiguelApplicationTests does not declare any static, non-private, non-final, nested classes annotated with @Configuration.
23:57:13.786 [main] INFO org.springframework.boot.test.context.SpringBootTestContextBootstrapper -- Found @SpringBootConfiguration com.example.proyectosanmiguel.ProyectoSanMiguelApplication for test class com.example.proyectosanmiguel.ProyectoSanMiguelApplicationTests
23:57:13.947 [main] INFO org.springframework.boot.devtools.restart.RestartApplicationListener -- Restart disabled due to context in which it is running

  .   ____          _            __ _ _
 /\\ / ___'_ __ _ _(_)_ __  __ _ \ \ \ \
( ( )\___ | '_ | '_| | '_ \/ _` | \ \ \ \
 \\/  ___)| |_)| | | | | || (_| |  ) ) ) )
  '  |____| .__|_| |_|_| |_\__, | / / / /
 =========|_|==============|___/=/_/_/_/

 :: Spring Boot ::                (v3.4.4)

2025-07-05T23:57:14.159-05:00  WARN 12320 --- [ProyectoSanMiguel] [           main] ory$DuplicateJsonObjectContextCustomizer : 

Found multiple occurrences of org.json.JSONObject on the class path:

	jar:file:/C:/Users/Tony/.m2/repository/com/vaadin/external/google/android-json/0.0.20131108.vaadin1/android-json-0.0.20131108.vaadin1.jar!/org/json/JSONObject.class
	jar:file:/C:/Users/Tony/.m2/repository/org/json/json/20240303/json-20240303.jar!/org/json/JSONObject.class

You may wish to exclude one of them to ensure predictable runtime behavior

2025-07-05T23:57:14.173-05:00  INFO 12320 --- [ProyectoSanMiguel] [           main] c.e.p.ProyectoSanMiguelApplicationTests  : Starting ProyectoSanMiguelApplicationTests using Java 17.0.15 with PID 12320 (started by Tony in C:\Users\Tony\Desktop\GIT_Repositories\GTICs\gtics\ProyectoSanMiguel)
2025-07-05T23:57:14.174-05:00  INFO 12320 --- [ProyectoSanMiguel] [           main] c.e.p.ProyectoSanMiguelApplicationTests  : No active profile set, falling back to 1 default profile: "default"
2025-07-05T23:57:15.265-05:00  INFO 12320 --- [ProyectoSanMiguel] [           main] .s.d.r.c.RepositoryConfigurationDelegate : Bootstrapping Spring Data JPA repositories in DEFAULT mode.
2025-07-05T23:57:15.443-05:00  INFO 12320 --- [ProyectoSanMiguel] [           main] .s.d.r.c.RepositoryConfigurationDelegate : Finished Spring Data repository scanning in 164 ms. Found 21 JPA repository interfaces.
2025-07-05T23:57:16.176-05:00  INFO 12320 --- [ProyectoSanMiguel] [           main] com.zaxxer.hikari.HikariDataSource       : HikariPool-1 - Starting...
2025-07-05T23:57:16.521-05:00  INFO 12320 --- [ProyectoSanMiguel] [           main] com.zaxxer.hikari.pool.HikariPool        : HikariPool-1 - Added connection com.mysql.cj.jdbc.ConnectionImpl@3e9b3b3c
2025-07-05T23:57:16.523-05:00  INFO 12320 --- [ProyectoSanMiguel] [           main] com.zaxxer.hikari.HikariDataSource       : HikariPool-1 - Start completed.
2025-07-05T23:57:16.820-05:00  INFO 12320 --- [ProyectoSanMiguel] [           main] o.hibernate.jpa.internal.util.LogHelper  : HHH000204: Processing PersistenceUnitInfo [name: default]
2025-07-05T23:57:16.992-05:00  INFO 12320 --- [ProyectoSanMiguel] [           main] org.hibernate.Version                    : HHH000412: Hibernate ORM core version 6.6.11.Final
2025-07-05T23:57:17.108-05:00  INFO 12320 --- [ProyectoSanMiguel] [           main] o.h.c.internal.RegionFactoryInitiator    : HHH000026: Second-level cache disabled
2025-07-05T23:57:17.389-05:00  INFO 12320 --- [ProyectoSanMiguel] [           main] o.s.o.j.p.SpringPersistenceUnitInfo      : No LoadTimeWeaver setup: ignoring JPA class transformer
2025-07-05T23:57:17.454-05:00  INFO 12320 --- [ProyectoSanMiguel] [           main] org.hibernate.orm.connections.pooling    : HHH10001005: Database info:
	Database JDBC URL [Connecting through datasource 'HikariDataSource (HikariPool-1)']
	Database driver: undefined/unknown
	Database version: 8.0.39
	Autocommit mode: undefined/unknown
	Isolation level: undefined/unknown
	Minimum pool size: undefined/unknown
	Maximum pool size: undefined/unknown
2025-07-05T23:57:18.705-05:00  INFO 12320 --- [ProyectoSanMiguel] [           main] o.h.e.t.j.p.i.JtaPlatformInitiator       : HHH000489: No JTA platform available (set 'hibernate.transaction.jta.platform' to enable JTA platform integration)
2025-07-05T23:57:18.707-05:00  INFO 12320 --- [ProyectoSanMiguel] [           main] j.LocalContainerEntityManagerFactoryBean : Initialized JPA EntityManagerFactory for persistence unit 'default'
2025-07-05T23:57:20.149-05:00  INFO 12320 --- [ProyectoSanMiguel] [           main] o.s.d.j.r.query.QueryEnhancerFactory     : Hibernate is in classpath; If applicable, HQL parser will be used.
2025-07-05T23:57:21.766-05:00  INFO 12320 --- [ProyectoSanMiguel] [           main] c.e.proyectosanmiguel.config.S3Config    : Usando DefaultCredentialsProvider AWS
Usando DefaultCredentialsProvider AWS
2025-07-05T23:57:22.206-05:00  INFO 12320 --- [ProyectoSanMiguel] [           main] c.e.proyectosanmiguel.config.S3Config    : Usando DefaultCredentialsProvider AWS
Usando DefaultCredentialsProvider AWS
2025-07-05T23:57:22.412-05:00  WARN 12320 --- [ProyectoSanMiguel] [           main] JpaBaseConfiguration$JpaWebConfiguration : spring.jpa.open-in-view is enabled by default. Therefore, database queries may be performed during view rendering. Explicitly configure spring.jpa.open-in-view to disable this warning
2025-07-05T23:57:22.522-05:00  INFO 12320 --- [ProyectoSanMiguel] [           main] o.s.s.p.JdbcUserDetailsManager           : No authentication manager set. Reauthentication of users when changing passwords will not be performed.
2025-07-05T23:57:22.530-05:00  INFO 12320 --- [ProyectoSanMiguel] [           main] r$InitializeUserDetailsManagerConfigurer : Global AuthenticationManager configured with UserDetailsService bean with name users
2025-07-05T23:57:22.763-05:00  INFO 12320 --- [ProyectoSanMiguel] [           main] o.s.b.a.w.s.WelcomePageHandlerMapping    : Adding welcome page template: index
2025-07-05T23:57:23.220-05:00  INFO 12320 --- [ProyectoSanMiguel] [           main] o.s.b.a.e.web.EndpointLinksResolver      : Exposing 1 endpoint beneath base path '/actuator'
2025-07-05T23:57:24.290-05:00  INFO 12320 --- [ProyectoSanMiguel] [           main] c.e.p.ProyectoSanMiguelApplicationTests  : Started ProyectoSanMiguelApplicationTests in 10.352 seconds (process running for 11.237)
]]></system-out>
  </testcase>
</testsuite>